2019-06-12 13:03:41 CarinaListener [INFO] 
============= Test configuration =============
url=http://www.pzz.by
env=DEMO
env_arg_resolver=com.qaprosoft.carina.core.foundation.utils.DefaultEnvArgResolver
platform=*
browser=chrome
browser_version=*
browser_locale=
selenium_host=http://localhost:4444/wd/hub
driver_event_listeners=
max_driver_count=3
custom_capabilities=
app_version=
proxy_host=
proxy_port=
proxy_protocols=http,https,ftp
browsermob_proxy=false
browsermob_host=
browsermob_port=0
browsermob_disabled_mitm=false
proxy_set_to_system=false
report_url=
email_list=
failure_email_list=
track_known_issues=false
auto_screenshot=true
smart_screenshot=false
implicit_timeout=10
explicit_timeout=20
auto_download=false
auto_download_apps=
custom_artifacts_folder=
retry_interval=5
project_report_directory=./reports/qa
max_screen_history=10
max_log_file_size=150
result_sorting=true
big_screen_width=-1
big_screen_height=-1
small_screen_width=90
small_screen_height=60
init_retry_count=0
init_retry_interval=1
retry_count=0
enable_l10n=true
l10n_encoding=ISO-8859-1
locale=en_US
enable_i18n=true
language=en_US
thread_count=1
data_provider_thread_count=-1
core_log_level=INFO
core_log_packages=com.qaprosoft.carina.core
artifacts_expiration_seconds=2592000
log_all_json=true
date_format=HH:mm:ss yyyy-MM-dd
time_format=HH:mm:ss
suite_name=
jira_updater=com.qaprosoft.carina.core.foundation.jira.DefaultJiraUpdater
jira_url=
jira_user=
jira_password=
jira_suite_id=
jira_project=
jira_project_short=
jira_create_new_ticket=false
test_naming_pattern={method_name}
optimize_video_recording=false
testrail_run_name=
testrail_milestone=
testrail_assignee=
qtest_cycle_name=DailyAutomation
qtest_suite_name=
s3_bucket_name=
access_key_id=
secret_key=
s3_local_storage=.
s3_save_screenshots=FALSE
hockeyapp_token=
hockeyapp_local_storage=.
add_new_localization=false
add_new_localization_encoding=utf-8
add_new_localization_path=
add_new_localization_property_name=new_custom_messages_
tls_keysecure_location=
health_check_class=
health_check_methods=
uninstall_related_apps=false
default_device_timezone=GMT
default_device_time_format=24
default_device_language=en_US
android_screen_record_size=
android_screen_record_bitrate=
android_enable_bug_report=true
ios_screen_record_quality=MEDIUM
ios_screen_record_codec=libx264
ios_screen_record_fps=10
screen_record_duration=180
video_scale=-2:720
ignore_ssl=false
test_run_rules=
hub_mode=selenium
selenium_host=http://localhost:4444/wd/hub

------------- Driver capabilities -----------
================================================

2019-06-12 13:03:41 CarinaListener [ERROR] L10N bundle is not initialized successfully!
java.lang.ClassCastException: class jdk.internal.loader.ClassLoaders$AppClassLoader cannot be cast to class java.net.URLClassLoader (jdk.internal.loader.ClassLoaders$AppClassLoader and java.net.URLClassLoader are in module java.base of loader 'bootstrap')
	at com.qaprosoft.carina.core.foundation.utils.resources.Resources.getResourceURLs(Resources.java:77)
	at com.qaprosoft.carina.core.foundation.utils.resources.L10N.init(L10N.java:59)
	at com.qaprosoft.carina.core.foundation.listeners.CarinaListener.<clinit>(CarinaListener.java:108)
	at java.base/jdk.internal.reflect.NativeConstructorAccessorImpl.newInstance0(Native Method)
	at java.base/jdk.internal.reflect.NativeConstructorAccessorImpl.newInstance(NativeConstructorAccessorImpl.java:62)
	at java.base/jdk.internal.reflect.DelegatingConstructorAccessorImpl.newInstance(DelegatingConstructorAccessorImpl.java:45)
	at java.base/java.lang.reflect.Constructor.newInstance(Constructor.java:490)
	at java.base/java.lang.Class.newInstance(Class.java:584)
	at org.testng.internal.ClassHelper.newInstance(ClassHelper.java:69)
	at org.testng.internal.DefaultListenerFactory.createListener(DefaultListenerFactory.java:13)
	at org.testng.TestRunner.initListeners(TestRunner.java:315)
	at org.testng.TestRunner.init(TestRunner.java:274)
	at org.testng.TestRunner.init(TestRunner.java:241)
	at org.testng.TestRunner.<init>(TestRunner.java:167)
	at org.testng.SuiteRunner$DefaultTestRunnerFactory.newTestRunner(SuiteRunner.java:663)
	at org.testng.SuiteRunner.init(SuiteRunner.java:260)
	at org.testng.SuiteRunner.<init>(SuiteRunner.java:198)
	at org.testng.TestNG.createSuiteRunner(TestNG.java:1295)
	at org.testng.TestNG.createSuiteRunners(TestNG.java:1273)
	at org.testng.TestNG.runSuitesLocally(TestNG.java:1128)
	at org.testng.TestNG.runSuites(TestNG.java:1049)
	at org.testng.TestNG.run(TestNG.java:1017)
	at com.microsoft.java.test.runner.testng.TestNGRunner.run(TestNGRunner.java:38)
	at com.microsoft.java.test.runner.testng.TestNGLauncher.execute(TestNGLauncher.java:32)
	at com.microsoft.java.test.runner.Launcher.main(Launcher.java:56)
2019-06-12 13:03:41 CarinaListener [ERROR] I18N bundle is not initialized successfully!
java.lang.ClassCastException: class jdk.internal.loader.ClassLoaders$AppClassLoader cannot be cast to class java.net.URLClassLoader (jdk.internal.loader.ClassLoaders$AppClassLoader and java.net.URLClassLoader are in module java.base of loader 'bootstrap')
	at com.qaprosoft.carina.core.foundation.utils.resources.Resources.getResourceURLs(Resources.java:77)
	at com.qaprosoft.carina.core.foundation.utils.resources.I18N.init(I18N.java:56)
	at com.qaprosoft.carina.core.foundation.listeners.CarinaListener.<clinit>(CarinaListener.java:114)
	at java.base/jdk.internal.reflect.NativeConstructorAccessorImpl.newInstance0(Native Method)
	at java.base/jdk.internal.reflect.NativeConstructorAccessorImpl.newInstance(NativeConstructorAccessorImpl.java:62)
	at java.base/jdk.internal.reflect.DelegatingConstructorAccessorImpl.newInstance(DelegatingConstructorAccessorImpl.java:45)
	at java.base/java.lang.reflect.Constructor.newInstance(Constructor.java:490)
	at java.base/java.lang.Class.newInstance(Class.java:584)
	at org.testng.internal.ClassHelper.newInstance(ClassHelper.java:69)
	at org.testng.internal.DefaultListenerFactory.createListener(DefaultListenerFactory.java:13)
	at org.testng.TestRunner.initListeners(TestRunner.java:315)
	at org.testng.TestRunner.init(TestRunner.java:274)
	at org.testng.TestRunner.init(TestRunner.java:241)
	at org.testng.TestRunner.<init>(TestRunner.java:167)
	at org.testng.SuiteRunner$DefaultTestRunnerFactory.newTestRunner(SuiteRunner.java:663)
	at org.testng.SuiteRunner.init(SuiteRunner.java:260)
	at org.testng.SuiteRunner.<init>(SuiteRunner.java:198)
	at org.testng.TestNG.createSuiteRunner(TestNG.java:1295)
	at org.testng.TestNG.createSuiteRunners(TestNG.java:1273)
	at org.testng.TestNG.runSuitesLocally(TestNG.java:1128)
	at org.testng.TestNG.runSuites(TestNG.java:1049)
	at org.testng.TestNG.run(TestNG.java:1017)
	at com.microsoft.java.test.runner.testng.TestNGRunner.run(TestNGRunner.java:38)
	at com.microsoft.java.test.runner.testng.TestNGLauncher.execute(TestNGLauncher.java:32)
	at com.microsoft.java.test.runner.Launcher.main(Launcher.java:56)
2019-06-12 13:03:41 Messager [INFO] INFO:  TEST [TestNGTest-47132d94-e9ce-4ca3-bf5c-f6ede2002d7d - testCompare] STARTED at [13:03:41 2019-06-12]
2019-06-12 13:03:43 Messager [INFO] INFO: url 'http://www.pzz.by' is being opened...
2019-06-12 13:03:46 DriverListener [INFO] INFO: url 'http://www.pzz.by' is opened.
2019-06-12 13:03:49 Messager [INFO] INFO:  TEST [TestNGTest-47132d94-e9ce-4ca3-bf5c-f6ede2002d7d - testCompare] PASSED at [13:03:49 2019-06-12]
2019-06-12 13:03:49 Messager [INFO] INFO: '**************** Test execution summary ****************'.
2019-06-12 13:03:49 Messager [INFO] RESULT #1: TEST [TestNGTest-47132d94-e9ce-4ca3-bf5c-f6ede2002d7d - testCompare] PASS [screenshots=file:///Users/maksimparhomenko/work/carina-pizza/./reports/qa/1560333821615/TestNGTest-47132d94-e9ce-4ca3-bf5c-f6ede2002d7d_-_testCompare/report.html | log=file:///Users/maksimparhomenko/work/carina-pizza/./reports/qa/1560333821615/TestNGTest-47132d94-e9ce-4ca3-bf5c-f6ede2002d7d_-_testCompare/test.log]
2019-06-12 13:06:21 CarinaListener [INFO] 
============= Test configuration =============
url=http://www.pzz.by
env=DEMO
env_arg_resolver=com.qaprosoft.carina.core.foundation.utils.DefaultEnvArgResolver
platform=*
browser=chrome
browser_version=*
browser_locale=
selenium_host=http://localhost:4444/wd/hub
driver_event_listeners=
max_driver_count=3
custom_capabilities=
app_version=
proxy_host=
proxy_port=
proxy_protocols=http,https,ftp
browsermob_proxy=false
browsermob_host=
browsermob_port=0
browsermob_disabled_mitm=false
proxy_set_to_system=false
report_url=
email_list=
failure_email_list=
track_known_issues=false
auto_screenshot=true
smart_screenshot=false
implicit_timeout=10
explicit_timeout=20
auto_download=false
auto_download_apps=
custom_artifacts_folder=
retry_interval=5
project_report_directory=./reports/qa
max_screen_history=10
max_log_file_size=150
result_sorting=true
big_screen_width=-1
big_screen_height=-1
small_screen_width=90
small_screen_height=60
init_retry_count=0
init_retry_interval=1
retry_count=0
enable_l10n=true
l10n_encoding=ISO-8859-1
locale=en_US
enable_i18n=true
language=en_US
thread_count=1
data_provider_thread_count=-1
core_log_level=INFO
core_log_packages=com.qaprosoft.carina.core
artifacts_expiration_seconds=2592000
log_all_json=true
date_format=HH:mm:ss yyyy-MM-dd
time_format=HH:mm:ss
suite_name=
jira_updater=com.qaprosoft.carina.core.foundation.jira.DefaultJiraUpdater
jira_url=
jira_user=
jira_password=
jira_suite_id=
jira_project=
jira_project_short=
jira_create_new_ticket=false
test_naming_pattern={method_name}
optimize_video_recording=false
testrail_run_name=
testrail_milestone=
testrail_assignee=
qtest_cycle_name=DailyAutomation
qtest_suite_name=
s3_bucket_name=
access_key_id=
secret_key=
s3_local_storage=.
s3_save_screenshots=FALSE
hockeyapp_token=
hockeyapp_local_storage=.
add_new_localization=false
add_new_localization_encoding=utf-8
add_new_localization_path=
add_new_localization_property_name=new_custom_messages_
tls_keysecure_location=
health_check_class=
health_check_methods=
uninstall_related_apps=false
default_device_timezone=GMT
default_device_time_format=24
default_device_language=en_US
android_screen_record_size=
android_screen_record_bitrate=
android_enable_bug_report=true
ios_screen_record_quality=MEDIUM
ios_screen_record_codec=libx264
ios_screen_record_fps=10
screen_record_duration=180
video_scale=-2:720
ignore_ssl=false
test_run_rules=
hub_mode=selenium
selenium_host=http://localhost:4444/wd/hub

------------- Driver capabilities -----------
================================================

2019-06-12 13:06:21 CarinaListener [ERROR] L10N bundle is not initialized successfully!
java.lang.ClassCastException: class jdk.internal.loader.ClassLoaders$AppClassLoader cannot be cast to class java.net.URLClassLoader (jdk.internal.loader.ClassLoaders$AppClassLoader and java.net.URLClassLoader are in module java.base of loader 'bootstrap')
	at com.qaprosoft.carina.core.foundation.utils.resources.Resources.getResourceURLs(Resources.java:77)
	at com.qaprosoft.carina.core.foundation.utils.resources.L10N.init(L10N.java:59)
	at com.qaprosoft.carina.core.foundation.listeners.CarinaListener.<clinit>(CarinaListener.java:108)
	at java.base/jdk.internal.reflect.NativeConstructorAccessorImpl.newInstance0(Native Method)
	at java.base/jdk.internal.reflect.NativeConstructorAccessorImpl.newInstance(NativeConstructorAccessorImpl.java:62)
	at java.base/jdk.internal.reflect.DelegatingConstructorAccessorImpl.newInstance(DelegatingConstructorAccessorImpl.java:45)
	at java.base/java.lang.reflect.Constructor.newInstance(Constructor.java:490)
	at java.base/java.lang.Class.newInstance(Class.java:584)
	at org.testng.internal.ClassHelper.newInstance(ClassHelper.java:69)
	at org.testng.internal.DefaultListenerFactory.createListener(DefaultListenerFactory.java:13)
	at org.testng.TestRunner.initListeners(TestRunner.java:315)
	at org.testng.TestRunner.init(TestRunner.java:274)
	at org.testng.TestRunner.init(TestRunner.java:241)
	at org.testng.TestRunner.<init>(TestRunner.java:167)
	at org.testng.SuiteRunner$DefaultTestRunnerFactory.newTestRunner(SuiteRunner.java:663)
	at org.testng.SuiteRunner.init(SuiteRunner.java:260)
	at org.testng.SuiteRunner.<init>(SuiteRunner.java:198)
	at org.testng.TestNG.createSuiteRunner(TestNG.java:1295)
	at org.testng.TestNG.createSuiteRunners(TestNG.java:1273)
	at org.testng.TestNG.runSuitesLocally(TestNG.java:1128)
	at org.testng.TestNG.runSuites(TestNG.java:1049)
	at org.testng.TestNG.run(TestNG.java:1017)
	at com.microsoft.java.test.runner.testng.TestNGRunner.run(TestNGRunner.java:38)
	at com.microsoft.java.test.runner.testng.TestNGLauncher.execute(TestNGLauncher.java:32)
	at com.microsoft.java.test.runner.Launcher.main(Launcher.java:56)
2019-06-12 13:06:21 CarinaListener [ERROR] I18N bundle is not initialized successfully!
java.lang.ClassCastException: class jdk.internal.loader.ClassLoaders$AppClassLoader cannot be cast to class java.net.URLClassLoader (jdk.internal.loader.ClassLoaders$AppClassLoader and java.net.URLClassLoader are in module java.base of loader 'bootstrap')
	at com.qaprosoft.carina.core.foundation.utils.resources.Resources.getResourceURLs(Resources.java:77)
	at com.qaprosoft.carina.core.foundation.utils.resources.I18N.init(I18N.java:56)
	at com.qaprosoft.carina.core.foundation.listeners.CarinaListener.<clinit>(CarinaListener.java:114)
	at java.base/jdk.internal.reflect.NativeConstructorAccessorImpl.newInstance0(Native Method)
	at java.base/jdk.internal.reflect.NativeConstructorAccessorImpl.newInstance(NativeConstructorAccessorImpl.java:62)
	at java.base/jdk.internal.reflect.DelegatingConstructorAccessorImpl.newInstance(DelegatingConstructorAccessorImpl.java:45)
	at java.base/java.lang.reflect.Constructor.newInstance(Constructor.java:490)
	at java.base/java.lang.Class.newInstance(Class.java:584)
	at org.testng.internal.ClassHelper.newInstance(ClassHelper.java:69)
	at org.testng.internal.DefaultListenerFactory.createListener(DefaultListenerFactory.java:13)
	at org.testng.TestRunner.initListeners(TestRunner.java:315)
	at org.testng.TestRunner.init(TestRunner.java:274)
	at org.testng.TestRunner.init(TestRunner.java:241)
	at org.testng.TestRunner.<init>(TestRunner.java:167)
	at org.testng.SuiteRunner$DefaultTestRunnerFactory.newTestRunner(SuiteRunner.java:663)
	at org.testng.SuiteRunner.init(SuiteRunner.java:260)
	at org.testng.SuiteRunner.<init>(SuiteRunner.java:198)
	at org.testng.TestNG.createSuiteRunner(TestNG.java:1295)
	at org.testng.TestNG.createSuiteRunners(TestNG.java:1273)
	at org.testng.TestNG.runSuitesLocally(TestNG.java:1128)
	at org.testng.TestNG.runSuites(TestNG.java:1049)
	at org.testng.TestNG.run(TestNG.java:1017)
	at com.microsoft.java.test.runner.testng.TestNGRunner.run(TestNGRunner.java:38)
	at com.microsoft.java.test.runner.testng.TestNGLauncher.execute(TestNGLauncher.java:32)
	at com.microsoft.java.test.runner.Launcher.main(Launcher.java:56)
2019-06-12 13:06:21 Messager [INFO] INFO:  TEST [TestNGTest-d989a0e0-7b4d-401d-b75f-1e1ce7f1bee7 - testOrder] STARTED at [13:06:21 2019-06-12]
2019-06-12 13:06:23 Messager [INFO] INFO: url 'http://www.pzz.by' is being opened...
2019-06-12 13:06:26 DriverListener [INFO] INFO: url 'http://www.pzz.by' is opened.
2019-06-12 13:06:32 DriverListener [INFO] PASS: element 'By.className: in-cart' is clicked.
2019-06-12 13:06:34 DriverListener [INFO] PASS: element 'By.id: s2id_street-name' is clicked.
2019-06-12 13:06:35 DriverListener [INFO] PASS: keys cleared in element ''.
2019-06-12 13:06:38 DriverListener [INFO] PASS: keys 'Могилевская' are sent to element ''.
2019-06-12 13:06:40 DriverListener [INFO] PASS: element 'By.className: select2-result-label' is clicked.
2019-06-12 13:06:41 DriverListener [INFO] PASS: element 'By.id: s2id_home-number' is clicked.
2019-06-12 13:06:43 DriverListener [INFO] PASS: keys cleared in element 'By.id: s2id_autogen2_search'.
2019-06-12 13:06:45 DriverListener [INFO] PASS: keys '39/А' are sent to element 'By.id: s2id_autogen2_search'.
2019-06-12 13:06:46 DriverListener [INFO] PASS: element 'By.className: select2-result-label' is clicked.
2019-06-12 13:06:48 DriverListener [INFO] PASS: element 'By.id: byaddress' is clicked.
2019-06-12 13:06:51 DriverListener [INFO] PASS: element 'By.className: in-cart' is clicked.
2019-06-12 13:06:53 DriverListener [INFO] PASS: element 'By.className: minus-item' is clicked.
2019-06-12 13:06:55 DriverListener [INFO] PASS: element 'By.className: in-cart' is clicked.
2019-06-12 13:06:57 DriverListener [INFO] PASS: element 'By.className: minus-item' is clicked.
2019-06-12 13:06:58 DriverListener [INFO] PASS: element 'By.className: in-cart' is clicked.
2019-06-12 13:07:00 DriverListener [INFO] PASS: element 'By.className: in-cart' is clicked.
2019-06-12 13:07:02 DriverListener [INFO] PASS: element 'By.className: pzz-cart__goto' is clicked.
2019-06-12 13:07:04 DriverListener [INFO] PASS: keys cleared in element 'By.className: i-p'.
2019-06-12 13:07:05 DriverListener [INFO] PASS: keys 'Максим' are sent to element 'By.className: i-p'.
2019-06-12 13:07:06 DriverListener [INFO] PASS: keys cleared in element 'By.name: phoneNumber'.
2019-06-12 13:07:07 DriverListener [INFO] PASS: keys '447882912' are sent to element 'By.name: phoneNumber'.
2019-06-12 13:07:09 DriverListener [INFO] PASS: keys cleared in element 'By.name: flat'.
2019-06-12 13:07:10 DriverListener [INFO] PASS: keys '30' are sent to element 'By.name: flat'.
2019-06-12 13:07:11 DriverListener [INFO] PASS: keys cleared in element 'By.name: entrance'.
2019-06-12 13:07:12 DriverListener [INFO] PASS: keys '1' are sent to element 'By.name: entrance'.
2019-06-12 13:07:13 DriverListener [INFO] PASS: keys cleared in element 'By.name: floor'.
2019-06-12 13:07:14 DriverListener [INFO] PASS: keys '6' are sent to element 'By.name: floor'.
2019-06-12 13:07:16 DriverListener [INFO] PASS: keys cleared in element 'By.name: intercom'.
2019-06-12 13:07:17 DriverListener [INFO] PASS: keys '30' are sent to element 'By.name: intercom'.
2019-06-12 13:07:18 DriverListener [INFO] PASS: element 'By.className: payment-charge-button' is clicked.
2019-06-12 13:07:20 Messager [INFO] INFO:  TEST [TestNGTest-d989a0e0-7b4d-401d-b75f-1e1ce7f1bee7 - testOrder] PASSED at [13:07:20 2019-06-12]
2019-06-12 13:07:20 Messager [INFO] INFO: '**************** Test execution summary ****************'.
2019-06-12 13:07:20 Messager [INFO] RESULT #1: TEST [TestNGTest-d989a0e0-7b4d-401d-b75f-1e1ce7f1bee7 - testOrder] PASS [screenshots=file:///Users/maksimparhomenko/work/carina-pizza/./reports/qa/1560333981517/TestNGTest-d989a0e0-7b4d-401d-b75f-1e1ce7f1bee7_-_testOrder/report.html | log=file:///Users/maksimparhomenko/work/carina-pizza/./reports/qa/1560333981517/TestNGTest-d989a0e0-7b4d-401d-b75f-1e1ce7f1bee7_-_testOrder/test.log]
